2023-09-19 11:55:16 - Unanswered Question: what is ceb
2023-09-19 11:55:59 - Unanswered Question: how i pay my bill
2023-09-19 12:08:53 - Unanswered Question: what is mahaweli project
2023-09-22 15:15:47 - Unanswered Question: 1 bitcoin address
2023-10-02 13:19:42 - Unanswered Question: what is ceb
2023-10-02 13:19:58 - Unanswered Question: what is CEB
2023-10-02 13:20:25 - Unanswered Question: what is hydro power
2023-10-03 10:28:06 - Unanswered Question: asfaf
2023-10-03 10:28:09 - Unanswered Question: asfaf
2023-10-03 10:28:27 - Unanswered Question: abcd
2023-10-03 10:28:33 - Unanswered Question: abcd
2023-10-03 10:29:10 - Unanswered Question: idk
2023-10-03 10:29:13 - Unanswered Question: idk
2023-10-09 14:35:06 - Unanswered Question: wow
2023-10-17 12:04:05 - Unanswered Question: a
2023-10-17 12:04:09 - Unanswered Question: b
2023-10-17 12:04:10 - Unanswered Question: n
2023-10-17 12:04:12 - Unanswered Question: bvk
2023-10-17 12:04:14 - Unanswered Question: jikh
2023-10-18 09:41:16 - Unanswered Question: who is chairman
2024-03-18 18:04:42 - Unanswered Question: who is ceo of cab
2024-03-19 12:15:33 - Unanswered Question: diabetes and age
2024-03-19 12:15:43 - Unanswered Question: Does age affect the risk of diabetes?
2024-03-19 12:21:45 - Unanswered Question: how to reducing 
2024-03-19 12:22:35 - Unanswered Question: what are they
2024-03-19 12:36:06 - Unanswered Question: what is ceb
2024-03-19 19:15:41 - Unanswered Question: What are the nutritional recommendations for individuals (adults) with type 1
2024-04-01 16:24:12 - Unanswered Question: how to 
2024-04-01 16:24:22 - Unanswered Question: how to predict it 
2024-04-01 16:46:38 - Unanswered Question: qa
2024-04-01 17:14:22 - Unanswered Question: ho
2024-04-01 21:14:22 - Unanswered Question: How Do I Know If I Have Diabetes?
2024-04-01 21:14:25 - Unanswered Question: How Do I Know If I Have Diabetes?
2024-04-01 21:40:56 - Unanswered Question: how are you
2024-04-01 21:41:14 - Unanswered Question: Can I drink alcohol?
2024-04-01 21:41:15 - Unanswered Question: Can I drink alcohol?
2024-04-01 21:41:57 - Unanswered Question: Managing diabetes
2024-04-01 21:42:00 - Unanswered Question: Managing diabetes
2024-04-01 21:42:36 - Unanswered Question: managing Diabetes 
2024-04-01 21:42:54 - Unanswered Question: Managing diabetes
2024-04-01 22:12:59 - Unanswered Question: What can I eat with type 1 diabetes?
2024-04-01 22:13:04 - Unanswered Question: What can I eat with type 1 diabetes
2024-04-01 22:23:50 - Unanswered Question: Does a diagnosis of type 2 diabetes mean I will have to go on insulin?
2024-04-01 22:23:54 - Unanswered Question: Does a diagnosis of type 2 diabetes mean I will have to go on insulin
2024-04-01 22:24:03 - Unanswered Question: Does a diagnosis of type 2 diabetes mean I will have to go on insulin
2024-04-01 22:24:11 - Unanswered Question: Does a diagnosis of type 2 diabetes mean I will have to go on insulin?
2024-04-01 22:24:17 - Unanswered Question: Does a diagnosis of type 2 diabetes mean I will have to go on insulin?
2024-04-01 22:25:49 - Unanswered Question: do need to fast before having an A1C test
2024-04-09 10:59:58 - Unanswered Question: what is diabetics
